2022-04-15 10:15:48.268 [main] DEBUG revature.MavenExample.App - We've just greeted the user!
2022-04-15 10:15:48.271 [main] INFO  revature.MavenExample.App - We've just greeted the user!
2022-04-15 10:15:48.271 [main] WARN  revature.MavenExample.App - We've just greeted the user!
2022-04-15 10:15:48.271 [main] ERROR revature.MavenExample.App - We've just greeted the user!
2022-04-15 10:15:48.271 [main] FATAL revature.MavenExample.App - We've just greeted the user!
2022-04-15 10:53:59.300 [main] DEBUG revature.MavenExample.App - We've just greeted the user!
2022-04-15 10:53:59.302 [main] INFO  revature.MavenExample.App - We've just greeted the user!
2022-04-15 10:53:59.302 [main] WARN  revature.MavenExample.App - We've just greeted the user!
2022-04-15 10:53:59.302 [main] ERROR revature.MavenExample.App - We've just greeted the user!
2022-04-15 10:53:59.302 [main] FATAL revature.MavenExample.App - We've just greeted the user!
2022-04-15 10:54:15.293 [main] DEBUG revature.MavenExample.App - We've just greeted the user!
2022-04-15 10:54:15.295 [main] INFO  revature.MavenExample.App - We've just greeted the user!
2022-04-15 10:54:15.295 [main] WARN  revature.MavenExample.App - We've just greeted the user!
2022-04-15 10:54:15.295 [main] ERROR revature.MavenExample.App - We've just greeted the user!
2022-04-15 10:54:15.295 [main] FATAL revature.MavenExample.App - We've just greeted the user!
2022-04-15 11:00:51.133 [main] DEBUG revature.MavenExample.App - We've just greeted the user!
2022-04-15 11:00:51.135 [main] INFO  revature.MavenExample.App - We've just greeted the user!
2022-04-15 11:00:51.135 [main] WARN  revature.MavenExample.App - We've just greeted the user!
2022-04-15 11:00:51.135 [main] ERROR revature.MavenExample.App - We've just greeted the user!
2022-04-15 11:00:51.135 [main] FATAL revature.MavenExample.App - We've just greeted the user!
